<?xml version="1.0" encoding="UTF-8"?>
<!-- Generated by org.testng.reporters.JUnitXMLReporter -->
<testsuite ignored="0" hostname="DESKTOP-DKAMDAI" failures="1" tests="7" name="Command line test" time="7.938" errors="0" timestamp="2022-05-14T14:21:36 IST">
  <testcase classname="tests.EndtoEndTest" name="CreateBooking" time="4.687"/>
  <testcase classname="tests.EndtoEndTest" name="ModifyExistingPayload" time="0.078"/>
  <testcase classname="tests.EndtoEndTest" name="getAuth" time="1.438"/>
  <testcase classname="tests.EndtoEndTest" name="UpdateBookingDetailsUsingPost" time="1.656">
    <failure type="java.lang.AssertionError" message="1 expectation failed.
Expected response time was not a value less than &amp;lt;1500L&amp;gt; milliseconds, was 1532 milliseconds (1532 milliseconds).">
      <![CDATA[java.lang.AssertionError: 1 expectation failed.
Expected response time was not a value less than <1500L> milliseconds, was 1532 milliseconds (1532 milliseconds).
at org.codehaus.groovy.runtime.callsite.ConstructorSite$ConstructorSiteNoUnwrap.callConstructor(ConstructorSite.java:86)
at org.codehaus.groovy.runtime.callsite.CallSiteArray.defaultCallConstructor(CallSiteArray.java:58)
at org.codehaus.groovy.runtime.callsite.AbstractCallSite.callConstructor(AbstractCallSite.java:263)
at org.codehaus.groovy.runtime.callsite.AbstractCallSite.callConstructor(AbstractCallSite.java:277)
at io.restassured.internal.ResponseSpecificationImpl$HamcrestAssertionClosure.validate(ResponseSpecificationImpl.groovy:505)
at io.restassured.internal.ResponseSpecificationImpl$HamcrestAssertionClosure$validate$1.call(Unknown Source)
at org.codehaus.groovy.runtime.callsite.CallSiteArray.defaultCall(CallSiteArray.java:46)
at org.codehaus.groovy.runtime.callsite.AbstractCallSite.call(AbstractCallSite.java:125)
at org.codehaus.groovy.runtime.callsite.AbstractCallSite.call(AbstractCallSite.java:139)
at io.restassured.internal.ResponseSpecificationImpl.validateResponseIfRequired(ResponseSpecificationImpl.groovy:687)
at io.restassured.internal.ResponseSpecificationImpl.this$2$validateResponseIfRequired(ResponseSpecificationImpl.groovy)
at org.codehaus.groovy.runtime.callsite.PlainObjectMetaMethodSite.doInvoke(PlainObjectMetaMethodSite.java:43)
at org.codehaus.groovy.runtime.callsite.PogoMetaMethodSite$PogoCachedMethodSiteNoUnwrapNoCoerce.invoke(PogoMetaMethodSite.java:198)
at org.codehaus.groovy.runtime.callsite.PogoMetaMethodSite.callCurrent(PogoMetaMethodSite.java:62)
at org.codehaus.groovy.runtime.callsite.CallSiteArray.defaultCallCurrent(CallSiteArray.java:50)
at org.codehaus.groovy.runtime.callsite.AbstractCallSite.callCurrent(AbstractCallSite.java:171)
at org.codehaus.groovy.runtime.callsite.AbstractCallSite.callCurrent(AbstractCallSite.java:185)
at io.restassured.internal.ResponseSpecificationImpl.time(ResponseSpecificationImpl.groovy:120)
at io.restassured.internal.ValidatableResponseOptionsImpl.time(ValidatableResponseOptionsImpl.java:409)
at io.restassured.internal.ValidatableResponseOptionsImpl.time(ValidatableResponseOptionsImpl.java:405)
at tests.EndtoEndTest.UpdateBookingDetailsUsingPost(EndtoEndTest.java:64)
at java.base/java.util.ArrayList.forEach(ArrayList.java:1541)
... Removed 46 stack frames]]>
    </failure>
  </testcase> <!-- UpdateBookingDetailsUsingPost -->
  <testcase classname="tests.EndtoEndTest" name="UpdatepartialBookingDetailsUsingPatch" time="0.0">
    <skipped/>
  </testcase> <!-- UpdatepartialBookingDetailsUsingPatch -->
  <testcase classname="tests.EndtoEndTest" name="deleteBookingDetails" time="0.0">
    <skipped/>
  </testcase> <!-- deleteBookingDetails -->
  <testcase classname="tests.EndtoEndTest" name="GetBookingDetailsfterdelete" time="0.0">
    <skipped/>
  </testcase> <!-- GetBookingDetailsfterdelete -->
</testsuite> <!-- Command line test -->
